<?xml version="1.0" encoding="UTF-8"?>
<!-- Generated by org.testng.reporters.JUnitReportReporter -->
<testsuite skipped="0" hostname="P5-GL7QX52" name="testcases.HomePage" tests="1" failures="0" timestamp="26 Apr 2019 10:34:15 GMT" time="19.925" errors="0">
  <testcase name="homePageTitle" time="19.925" classname="testcases.HomePage"/>
</testsuite> <!-- testcases.HomePage -->
