<?xml version="1.0" encoding="UTF-8"?>
<!-- Generated by org.testng.reporters.JUnitReportReporter -->
<testsuite skipped="0" hostname="P5-GL7QX52" name="testcases.Login" tests="2" failures="0" timestamp="26 Apr 2019 11:11:45 GMT" time="24.015" errors="0">
  <testcase name="DemoPortalLoginLink" time="10.311" classname="testcases.Login"/>
  <testcase name="DemoPortalLoginLink" time="13.704" classname="testcases.Login"/>
</testsuite> <!-- testcases.Login -->
