<?xml version="1.0" encoding="UTF-8"?>
<!-- Generated by org.testng.reporters.JUnitReportReporter -->
<testsuite skipped="0" hostname="P5-GL7QX52" name="testcases.RediffTest" tests="1" failures="0" timestamp="23 Apr 2019 13:39:38 GMT" time="14.060" errors="0">
  <testcase name="openRediff" time="14.060" classname="testcases.RediffTest"/>
</testsuite> <!-- testcases.RediffTest -->
