<?xml version="1.0" encoding="UTF-8"?>
<!-- Generated by org.testng.reporters.JUnitReportReporter -->
<testsuite skipped="0" hostname="P5-GL7QX52" name="testcases.Registration" tests="5" failures="0" timestamp="26 Apr 2019 10:34:15 GMT" time="61.624" errors="0">
  <testcase name="DemoPortalRegisterLink" time="19.137" classname="testcases.Registration"/>
  <testcase name="DemoPortalRegisterLink" time="10.415" classname="testcases.Registration"/>
  <testcase name="DemoPortalRegisterLink" time="11.334" classname="testcases.Registration"/>
  <testcase name="DemoPortalRegisterLink" time="10.317" classname="testcases.Registration"/>
  <testcase name="DemoPortalRegisterLink" time="10.421" classname="testcases.Registration"/>
</testsuite> <!-- testcases.Registration -->
