<?xml version="1.0" encoding="UTF-8"?>
<!-- Generated by org.testng.reporters.JUnitReportReporter -->
<testsuite skipped="0" hostname="P5-GL7QX52" name="testcases.Registration" tests="5" failures="0" timestamp="25 Apr 2019 07:26:34 GMT" time="62.793" errors="0">
  <testcase name="DemoPortalRegisterLink" time="11.446" classname="testcases.Registration"/>
  <testcase name="DemoPortalRegisterLink" time="9.417" classname="testcases.Registration"/>
  <testcase name="DemoPortalRegisterLink" time="13.944" classname="testcases.Registration"/>
  <testcase name="DemoPortalRegisterLink" time="13.121" classname="testcases.Registration"/>
  <testcase name="DemoPortalRegisterLink" time="14.865" classname="testcases.Registration"/>
</testsuite> <!-- testcases.Registration -->
