<?xml version="1.0" encoding="UTF-8"?>
<!-- Generated by org.testng.reporters.JUnitReportReporter -->
<testsuite skipped="0" hostname="P5-GL7QX52" name="testcases.Login" tests="1" failures="0" timestamp="25 Apr 2019 07:26:34 GMT" time="10.263" errors="0">
  <testcase name="DemoPortalLoginLink" time="10.263" classname="testcases.Login"/>
</testsuite> <!-- testcases.Login -->
