<?xml version="1.0" encoding="UTF-8"?>
<!-- Generated by org.testng.reporters.JUnitReportReporter -->
<testsuite skipped="0" hostname="P5-GL7QX52" name="testcases.HomePage" tests="1" failures="0" timestamp="25 Apr 2019 07:26:34 GMT" time="9.934" errors="0">
  <testcase name="homePageTitle" time="9.934" classname="testcases.HomePage"/>
</testsuite> <!-- testcases.HomePage -->
